<?xml version="1.0" encoding="UTF-8"?>
<testng-results skipped="0" failed="0" ignored="0" total="2" passed="2">
  <reporter-output>
  </reporter-output>
  <suite name="Default suite" duration-ms="14475" started-at="2017-10-24T12:46:18Z" finished-at="2017-10-24T12:46:32Z">
    <groups>
    </groups>
    <test name="Default test" duration-ms="14475" started-at="2017-10-24T12:46:18Z" finished-at="2017-10-24T12:46:32Z">
      <class name="com.ui.testcases.LoginTest">
        <test-method status="PASS" signature="setUp()[pri:0, instance:com.ui.testcases.LoginTest@5f341870]" name="setUp" is-config="true" duration-ms="3061" started-at="2017-10-24T20:46:18Z" finished-at="2017-10-24T20:46:21Z">
          <reporter-output>
          </reporter-output>
        </test-method> <!-- setUp -->
        <test-method status="PASS" signature="f1()[pri:0, instance:com.ui.testcases.LoginTest@5f341870]" name="f1" duration-ms="3378" started-at="2017-10-24T20:46:21Z" finished-at="2017-10-24T20:46:24Z">
          <reporter-output>
          </reporter-output>
        </test-method> <!-- f1 -->
        <test-method status="PASS" signature="tearDown()[pri:0, instance:com.ui.testcases.LoginTest@5f341870]" name="tearDown" is-config="true" duration-ms="2100" started-at="2017-10-24T20:46:24Z" finished-at="2017-10-24T20:46:26Z">
          <reporter-output>
          </reporter-output>
        </test-method> <!-- tearDown -->
        <test-method status="PASS" signature="setUp()[pri:0, instance:com.ui.testcases.LoginTest@5f341870]" name="setUp" is-config="true" duration-ms="2195" started-at="2017-10-24T20:46:26Z" finished-at="2017-10-24T20:46:29Z">
          <reporter-output>
          </reporter-output>
        </test-method> <!-- setUp -->
        <test-method status="PASS" signature="f2()[pri:0, instance:com.ui.testcases.LoginTest@5f341870]" name="f2" duration-ms="1630" started-at="2017-10-24T20:46:29Z" finished-at="2017-10-24T20:46:30Z">
          <reporter-output>
          </reporter-output>
        </test-method> <!-- f2 -->
        <test-method status="PASS" signature="tearDown()[pri:0, instance:com.ui.testcases.LoginTest@5f341870]" name="tearDown" is-config="true" duration-ms="2078" started-at="2017-10-24T20:46:30Z" finished-at="2017-10-24T20:46:32Z">
          <reporter-output>
          </reporter-output>
        </test-method> <!-- tearDown -->
      </class> <!-- com.ui.testcases.LoginTest -->
    </test> <!-- Default test -->
  </suite> <!-- Default suite -->
</testng-results>
